  0%|          | 0/79 [00:00<?, ?it/s]  0%|          | 0/79 [00:16<?, ?it/s]
Traceback (most recent call last):
  File "/scratch/m23csa017/DL_Assignment_4/cGANS.py", line 502, in <module>
    history = fit(epochs, lr)
  File "/scratch/m23csa017/DL_Assignment_4/cGANS.py", line 455, in fit
    loss_d, real_score, fake_score = train_discriminator(
  File "/scratch/m23csa017/DL_Assignment_4/cGANS.py", line 364, in train_discriminator
    fake_images, fake_labels = Generate_Fakes(generator, sketches, False)
  File "/scratch/m23csa017/DL_Assignment_4/cGANS.py", line 352, in Generate_Fakes
    fake_images = generator(noisy_sketchs)
  File "/opt/ohpc/apps/python/3.10.pytorch/lib/python3.10/site-packages/torch/nn/modules/module.py", line 1518, in _wrapped_call_impl
    return self._call_impl(*args, **kwargs)
  File "/opt/ohpc/apps/python/3.10.pytorch/lib/python3.10/site-packages/torch/nn/modules/module.py", line 1527, in _call_impl
    return forward_call(*args, **kwargs)
  File "/scratch/m23csa017/DL_Assignment_4/cGANS.py", line 282, in forward
    up_4 = self.up_transpose_4(x)
  File "/opt/ohpc/apps/python/3.10.pytorch/lib/python3.10/site-packages/torch/nn/modules/module.py", line 1518, in _wrapped_call_impl
    return self._call_impl(*args, **kwargs)
  File "/opt/ohpc/apps/python/3.10.pytorch/lib/python3.10/site-packages/torch/nn/modules/module.py", line 1527, in _call_impl
    return forward_call(*args, **kwargs)
  File "/opt/ohpc/apps/python/3.10.pytorch/lib/python3.10/site-packages/torch/nn/modules/conv.py", line 952, in forward
    return F.conv_transpose2d(
torch.cuda.OutOfMemoryError: CUDA out of memory. Tried to allocate 2.00 GiB. GPU 0 has a total capacty of 23.50 GiB of which 282.81 MiB is free. Including non-PyTorch memory, this process has 23.21 GiB memory in use. Of the allocated memory 20.13 GiB is allocated by PyTorch, and 2.81 GiB is reserved by PyTorch but unallocated. If reserved but unallocated memory is large try setting max_split_size_mb to avoid fragmentation.  See documentation for Memory Management and PYTORCH_CUDA_ALLOC_CONF
Thu Apr 11 04:21:08 2024       
+---------------------------------------------------------------------------------------+
| NVIDIA-SMI 535.129.03             Driver Version: 535.129.03   CUDA Version: 12.2     |
|-----------------------------------------+----------------------+----------------------+
| GPU  Name                 Persistence-M | Bus-Id        Disp.A | Volatile Uncorr. ECC |
| Fan  Temp   Perf          Pwr:Usage/Cap |         Memory-Usage | GPU-Util  Compute M. |
|                                         |                      |               MIG M. |
|=========================================+======================+======================|
|   0  NVIDIA A30                     Off | 00000000:4B:00.0 Off |                    0 |
| N/A   37C    P0              32W / 165W |      4MiB / 24576MiB |      4%      Default |
|                                         |                      |             Disabled |
+-----------------------------------------+----------------------+----------------------+
                                                                                         
+---------------------------------------------------------------------------------------+
| Processes:                                                                            |
|  GPU   GI   CI        PID   Type   Process name                            GPU Memory |
|        ID   ID                                                             Usage      |
|=======================================================================================|
|  No running processes found                                                           |
+---------------------------------------------------------------------------------------+
