  0%|          | 0/157 [00:00<?, ?it/s]  0%|          | 0/157 [00:09<?, ?it/s]
  0%|          | 0/157 [00:00<?, ?it/s]  0%|          | 0/157 [00:06<?, ?it/s]
Epoch [1/1], loss_g:0.6602, loss_d:1.6118, real_scores:0.5059, fake_score:0.3983
Saving generated-images-0001.png
Thu Apr 11 04:22:37 2024       
+---------------------------------------------------------------------------------------+
| NVIDIA-SMI 535.129.03             Driver Version: 535.129.03   CUDA Version: 12.2     |
|-----------------------------------------+----------------------+----------------------+
| GPU  Name                 Persistence-M | Bus-Id        Disp.A | Volatile Uncorr. ECC |
| Fan  Temp   Perf          Pwr:Usage/Cap |         Memory-Usage | GPU-Util  Compute M. |
|                                         |                      |               MIG M. |
|=========================================+======================+======================|
|   0  NVIDIA A30                     Off | 00000000:4B:00.0 Off |                    0 |
| N/A   37C    P0              32W / 165W |      4MiB / 24576MiB |      4%      Default |
|                                         |                      |             Disabled |
+-----------------------------------------+----------------------+----------------------+
                                                                                         
+---------------------------------------------------------------------------------------+
| Processes:                                                                            |
|  GPU   GI   CI        PID   Type   Process name                            GPU Memory |
|        ID   ID                                                             Usage      |
|=======================================================================================|
|  No running processes found                                                           |
+---------------------------------------------------------------------------------------+
